

Microchip MPLAB XC8 Assembler V2.40 build 20220703182018 
                                                                                               Sat Feb 04 17:56:05 2023

Microchip MPLAB XC8 C Compiler v2.40 (Free license) build 20220703182018 Og1 
     1                           	processor	18F57Q43
     2                           	fnconf	rparam,??,?,0
     3                           	pagewidth 120
     4                           	opt	flic
     5                           	psect	nvCOMRAM,global,class=COMRAM,space=1,delta=1,lowdata,noexec
     6                           	psect	cinit,global,reloc=2,class=CODE,delta=1
     7                           	psect	cstackCOMRAM,global,class=COMRAM,space=1,delta=1,lowdata,noexec
     8                           	psect	text0,global,reloc=2,class=CODE,delta=1
     9                           	psect	text1,global,reloc=2,class=CODE,delta=1
    10                           	psect	text2,global,reloc=2,class=CODE,delta=1
    11                           	psect	text3,global,reloc=2,class=CODE,delta=1
    12                           	psect	text4,global,reloc=2,class=CODE,delta=1
    13                           	psect	text5,global,reloc=2,class=CODE,delta=1
    14                           	psect	text6,global,reloc=2,class=CODE,delta=1
    15                           	psect	text7,global,reloc=2,class=CODE,delta=1
    16                           	psect	intsave_regs,global,class=BIGRAM,space=1,delta=1,noexec
    17                           	psect	rparam,global,class=COMRAM,space=1,delta=1,noexec
    18                           	psect	idloc,global,abs,ovrld,class=IDLOC,space=5,delta=1,noexec
    19                           	psect	config,global,abs,ovrld,class=CONFIG,space=4,delta=1,noexec
    20   000000                     
    21                           ; Generated 17/06/2022 GMT
    22                           ; 
    23                           ; Copyright © 2022, Microchip Technology Inc. and its subsidiaries ("Microchip")
    24                           ; All rights reserved.
    25                           ; 
    26                           ; This software is developed by Microchip Technology Inc. and its subsidiaries ("Microch
      +                          ip").
    27                           ; 
    28                           ; Redistribution and use in source and binary forms, with or without modification, are
    29                           ; permitted provided that the following conditions are met:
    30                           ; 
    31                           ;     1. Redistributions of source code must retain the above copyright notice, this lis
      +                          t of
    32                           ;        conditions and the following disclaimer.
    33                           ; 
    34                           ;     2. Redistributions in binary form must reproduce the above copyright notice, this 
      +                          list
    35                           ;        of conditions and the following disclaimer in the documentation and/or other
    36                           ;        materials provided with the distribution. Publication is not required when
    37                           ;        this file is used in an embedded application.
    38                           ; 
    39                           ;     3. Microchip's name may not be used to endorse or promote products derived from th
      +                          is
    40                           ;        software without specific prior written permission.
    41                           ; 
    42                           ; THIS SOFTWARE IS PROVIDED BY MICROCHIP "AS IS" AND ANY EXPRESS OR IMPLIED WARRANTIES,
    43                           ; INCLUDING, BUT NOT LIMITED TO, THE IMPLIED WARRANTIES OF MERCHANTABILITY AND FITNESS F
      +                          OR
    44                           ; PURPOSE ARE DISCLAIMED.  IN NO EVENT SHALL MICROCHIP BE LIABLE FOR ANY DIRECT, INDIREC
      +                          T,
    45                           ; INCIDENTAL, SPECIAL, EXEMPLARY, OR CONSEQUENTIAL DAMAGES (INCLUDING BUT NOT LIMITED TO
    46                           ; PROCUREMENT OF SUBSTITUTE GOODS OR SERVICES; LOSS OF USE, DATA OR PROFITS; OR BUSINESS
    47                           ; INTERRUPTION) HOWSOEVER CAUSED AND ON ANY THEORY OF LIABILITY, WHETHER IN CONTRACT, ST
      +                          RICT
    48                           ; LIABILITY, OR TORT (INCLUDING NEGLIGENCE OR OTHERWISE) ARISING IN ANY WAY OUT OF THE U
      +                          SE OF
    49                           ; THIS SOFTWARE, EVEN IF ADVISED OF THE POSSIBILITY OF SUCH DAMAGE.
    50                           ; 
    51                           ; 
    52                           ; Code-generator required, PIC18F57Q43 Definitions
    53                           ; 
    54                           ; SFR Addresses
    55   000000                     
    56 ;; Function _INT0_DefaultInterruptHandler is unused but had its address taken
    57   000000                     
    58 ;; Function _INT1_DefaultInterruptHandler is unused but had its address taken
    59   000000                     
    60 ;; Function _INT2_DefaultInterruptHandler is unused but had its address taken
    61   000000                     _IOCEF	set	1063
    62   000000                     _IOCEN	set	1062
    63   000000                     _IOCEP	set	1061
    64   000000                     _IOCCF	set	1047
    65   000000                     _IOCCN	set	1046
    66   000000                     _IOCCP	set	1045
    67   000000                     _IOCBF	set	1039
    68   000000                     _IOCBN	set	1038
    69   000000                     _IOCBP	set	1037
    70   000000                     _IOCAF	set	1031
    71   000000                     _IOCAN	set	1030
    72   000000                     _IOCAP	set	1029
    73   000000                     _INLVLE	set	1060
    74   000000                     _INLVLC	set	1044
    75   000000                     _INLVLB	set	1036
    76   000000                     _INLVLA	set	1028
    77   000000                     _SLRCONE	set	1059
    78   000000                     _SLRCONC	set	1043
    79   000000                     _SLRCONB	set	1035
    80   000000                     _SLRCONA	set	1027
    81   000000                     _ODCONE	set	1058
    82   000000                     _ODCONC	set	1042
    83   000000                     _ODCONB	set	1034
    84   000000                     _ODCONA	set	1026
    85   000000                     _WPUE	set	1057
    86   000000                     _WPUC	set	1041
    87   000000                     _WPUB	set	1033
    88   000000                     _WPUA	set	1025
    89   000000                     _ANSELF	set	1064
    90   000000                     _ANSELD	set	1048
    91   000000                     _ANSELC	set	1040
    92   000000                     _ANSELB	set	1032
    93   000000                     _LATE	set	1218
    94   000000                     _LATD	set	1217
    95   000000                     _LATC	set	1216
    96   000000                     _LATB	set	1215
    97   000000                     _OSCTUNE	set	176
    98   000000                     _OSCFRQ	set	177
    99   000000                     _OSCEN	set	179
   100                           
   101                           	psect	nvCOMRAM
   102   000501                     __pnvCOMRAM:
   103                           	callstack 0
   104   000501                     _INT2_InterruptHandler:
   105                           	callstack 0
   106   000501                     	ds	3
   107   000504                     _INT1_InterruptHandler:
   108                           	callstack 0
   109   000504                     	ds	3
   110   000507                     _INT0_InterruptHandler:
   111                           	callstack 0
   112   000507                     	ds	3
   113   000000                     _LATF	set	1219
   114   000000                     _ACTCON	set	172
   115   000000                     _OSCCON1	set	173
   116   000000                     _LATFbits	set	1219
   117   000000                     _PORTBbits	set	1231
   118   000000                     _INTCON0bits	set	1238
   119   000000                     _TRISA	set	1222
   120   000000                     _OSCCON3	set	175
   121   000000                     _RC4I2C	set	646
   122   000000                     _RC3I2C	set	647
   123   000000                     _RB2I2C	set	648
   124   000000                     _RB1I2C	set	649
   125   000000                     _ANSELA	set	1024
   126   000000                     _LATA	set	1214
   127   000000                     _TRISF	set	1227
   128   000000                     _TRISE	set	1226
   129   000000                     _TRISD	set	1225
   130   000000                     _TRISC	set	1224
   131   000000                     _TRISB	set	1223
   132   000000                     _INLVLD	set	1052
   133   000000                     _SLRCOND	set	1051
   134   000000                     _ODCOND	set	1050
   135   000000                     _WPUD	set	1049
   136   000000                     _ANSELE	set	1056
   137   000000                     _PIR1bits	set	1199
   138   000000                     _INLVLF	set	1068
   139   000000                     _SLRCONF	set	1067
   140   000000                     _ODCONF	set	1066
   141   000000                     _WPUF	set	1065
   142   000000                     _PIR6bits	set	1204
   143   000000                     _PIR10bits	set	1208
   144                           
   145                           ; #config settings
   146                           
   147                           	psect	cinit
   148   01FE72                     __pcinit:
   149                           	callstack 0
   150   01FE72                     start_initialization:
   151                           	callstack 0
   152   01FE72                     __initialization:
   153                           	callstack 0
   154   01FE72                     end_of_initialization:
   155                           	callstack 0
   156   01FE72                     __end_of__initialization:
   157                           	callstack 0
   158   01FE72  0100               	movlb	0
   159   01FE74  EF66  F0FF         	goto	_main	;jump to C main() function
   160                           
   161                           	psect	cstackCOMRAM
   162   00050A                     __pcstackCOMRAM:
   163                           	callstack 0
   164   00050A                     INT0_SetInterruptHandler@InterruptHandler:
   165                           	callstack 0
   166   00050A                     INT1_SetInterruptHandler@InterruptHandler:
   167                           	callstack 0
   168   00050A                     INT2_SetInterruptHandler@InterruptHandler:
   169                           	callstack 0
   170                           
   171                           ; 3 bytes @ 0x0
   172   00050A                     	ds	3
   173   00050D                     
   174                           ; 1 bytes @ 0x3
   175 ;;
   176 ;;Main: autosize = 0, tempsize = 0, incstack = 0, save=0
   177 ;;
   178 ;; *************** function _main *****************
   179 ;; Defined at:
   180 ;;		line 39 in file "main.c"
   181 ;; Parameters:    Size  Location     Type
   182 ;;		None
   183 ;; Auto vars:     Size  Location     Type
   184 ;;		None
   185 ;; Return value:  Size  Location     Type
   186 ;;                  2   10[None  ] int 
   187 ;; Registers used:
   188 ;;		wreg, status,2, status,0, cstack
   189 ;; Tracked objects:
   190 ;;		On entry : 0/0
   191 ;;		On exit  : 0/0
   192 ;;		Unchanged: 0/0
   193 ;; Data sizes:     COMRAM   BANK5   BANK6   BANK7   BANK8   BANK9  BANK10  BANK11  BANK12  BANK13  BANK14  BANK15  BANK1
      +6  BANK17  BANK18  BANK19  BANK20  BANK21  BANK22  BANK23  BANK24  BANK25  BANK26  BANK27  BANK28  BANK29  BANK30  BANK3
      +1  BANK32  BANK33  BANK34  BANK35  BANK36
   194 ;;      Params:         0       0       0       0       0       0       0       0       0       0       0       0       
      +0       0       0       0       0       0       0       0       0       0       0       0       0       0       0       
      +0       0       0       0       0       0
   195 ;;      Locals:         0       0       0       0       0       0       0       0       0       0       0       0       
      +0       0       0       0       0       0       0       0       0       0       0       0       0       0       0       
      +0       0       0       0       0       0
   196 ;;      Temps:          0       0       0       0       0       0       0       0       0       0       0       0       
      +0       0       0       0       0       0       0       0       0       0       0       0       0       0       0       
      +0       0       0       0       0       0
   197 ;;      Totals:         0       0       0       0       0       0       0       0       0       0       0       0       
      +0       0       0       0       0       0       0       0       0       0       0       0       0       0       0       
      +0       0       0       0       0       0
   198 ;;Total ram usage:        0 bytes
   199 ;; Hardware stack levels required when called: 3
   200 ;; This function calls:
   201 ;;		_SYSTEM_Initialize
   202 ;; This function is called by:
   203 ;;		Startup code after reset
   204 ;; This function uses a non-reentrant model
   205 ;;
   206                           
   207                           	psect	text0
   208   01FECC                     __ptext0:
   209                           	callstack 0
   210   01FECC                     _main:
   211                           	callstack 124
   212   01FECC                     
   213                           ;main.c: 41:     SYSTEM_Initialize();
   214   01FECC  EC51  F0FF         	call	_SYSTEM_Initialize	;wreg free
   215   01FED0                     l1028:
   216                           
   217                           ;main.c: 55:     {;main.c: 58:         if (!PORTBbits.RB4) do { LATFbits.LATF3 = 0; } wh
      +                          ile(0);
   218   01FED0  B8CF               	btfsc	207,4,c	;volatile
   219   01FED2  EF6D  F0FF         	goto	u81
   220   01FED6  EF6F  F0FF         	goto	u80
   221   01FEDA                     u81:
   222   01FEDA  EF72  F0FF         	goto	l16
   223   01FEDE                     u80:
   224   01FEDE  96C3               	bcf	195,3,c	;volatile
   225   01FEE0  EF68  F0FF         	goto	l1028
   226   01FEE4                     l16:
   227   01FEE4  86C3               	bsf	195,3,c	;volatile
   228   01FEE6  EF68  F0FF         	goto	l1028
   229   01FEEA  EFFE  F0FF         	goto	start
   230   01FEEE                     __end_of_main:
   231                           	callstack 0
   232                           
   233 ;; *************** function _SYSTEM_Initialize *****************
   234 ;; Defined at:
   235 ;;		line 43 in file "mcc_generated_files/system/src/system.c"
   236 ;; Parameters:    Size  Location     Type
   237 ;;		None
   238 ;; Auto vars:     Size  Location     Type
   239 ;;		None
   240 ;; Return value:  Size  Location     Type
   241 ;;                  1    wreg      void 
   242 ;; Registers used:
   243 ;;		wreg, status,2, status,0, cstack
   244 ;; Tracked objects:
   245 ;;		On entry : 0/0
   246 ;;		On exit  : 0/0
   247 ;;		Unchanged: 0/0
   248 ;; Data sizes:     COMRAM   BANK5   BANK6   BANK7   BANK8   BANK9  BANK10  BANK11  BANK12  BANK13  BANK14  BANK15  BANK1
      +6  BANK17  BANK18  BANK19  BANK20  BANK21  BANK22  BANK23  BANK24  BANK25  BANK26  BANK27  BANK28  BANK29  BANK30  BANK3
      +1  BANK32  BANK33  BANK34  BANK35  BANK36
   249 ;;      Params:         0       0       0       0       0       0       0       0       0       0       0       0       
      +0       0       0       0       0       0       0       0       0       0       0       0       0       0       0       
      +0       0       0       0       0       0
   250 ;;      Locals:         0       0       0       0       0       0       0       0       0       0       0       0       
      +0       0       0       0       0       0       0       0       0       0       0       0       0       0       0       
      +0       0       0       0       0       0
   251 ;;      Temps:          0       0       0       0       0       0       0       0       0       0       0       0       
      +0       0       0       0       0       0       0       0       0       0       0       0       0       0       0       
      +0       0       0       0       0       0
   252 ;;      Totals:         0       0       0       0       0       0       0       0       0       0       0       0       
      +0       0       0       0       0       0       0       0       0       0       0       0       0       0       0       
      +0       0       0       0       0       0
   253 ;;Total ram usage:        0 bytes
   254 ;; Hardware stack levels used: 1
   255 ;; Hardware stack levels required when called: 2
   256 ;; This function calls:
   257 ;;		_CLOCK_Initialize
   258 ;;		_INTERRUPT_Initialize
   259 ;;		_PIN_MANAGER_Initialize
   260 ;; This function is called by:
   261 ;;		_main
   262 ;; This function uses a non-reentrant model
   263 ;;
   264                           
   265                           	psect	text1
   266   01FEA2                     __ptext1:
   267                           	callstack 0
   268   01FEA2                     _SYSTEM_Initialize:
   269                           	callstack 124
   270   01FEA2                     
   271                           ;mcc_generated_files/system/src/system.c: 45:     CLOCK_Initialize();
   272   01FEA2  EC58  F0FF         	call	_CLOCK_Initialize	;wreg free
   273                           
   274                           ;mcc_generated_files/system/src/system.c: 46:     PIN_MANAGER_Initialize();
   275   01FEA6  EC97  F0FF         	call	_PIN_MANAGER_Initialize	;wreg free
   276   01FEAA                     
   277                           ;mcc_generated_files/system/src/system.c: 47:     INTERRUPT_Initialize();
   278   01FEAA  EC77  F0FF         	call	_INTERRUPT_Initialize	;wreg free
   279   01FEAE  0012               	return		;funcret
   280   01FEB0                     __end_of_SYSTEM_Initialize:
   281                           	callstack 0
   282                           
   283 ;; *************** function _PIN_MANAGER_Initialize *****************
   284 ;; Defined at:
   285 ;;		line 38 in file "mcc_generated_files/system/src/pins.c"
   286 ;; Parameters:    Size  Location     Type
   287 ;;		None
   288 ;; Auto vars:     Size  Location     Type
   289 ;;		None
   290 ;; Return value:  Size  Location     Type
   291 ;;                  1    wreg      void 
   292 ;; Registers used:
   293 ;;		wreg, status,2
   294 ;; Tracked objects:
   295 ;;		On entry : 0/0
   296 ;;		On exit  : 0/0
   297 ;;		Unchanged: 0/0
   298 ;; Data sizes:     COMRAM   BANK5   BANK6   BANK7   BANK8   BANK9  BANK10  BANK11  BANK12  BANK13  BANK14  BANK15  BANK1
      +6  BANK17  BANK18  BANK19  BANK20  BANK21  BANK22  BANK23  BANK24  BANK25  BANK26  BANK27  BANK28  BANK29  BANK30  BANK3
      +1  BANK32  BANK33  BANK34  BANK35  BANK36
   299 ;;      Params:         0       0       0       0       0       0       0       0       0       0       0       0       
      +0       0       0       0       0       0       0       0       0       0       0       0       0       0       0       
      +0       0       0       0       0       0
   300 ;;      Locals:         0       0       0       0       0       0       0       0       0       0       0       0       
      +0       0       0       0       0       0       0       0       0       0       0       0       0       0       0       
      +0       0       0       0       0       0
   301 ;;      Temps:          0       0       0       0       0       0       0       0       0       0       0       0       
      +0       0       0       0       0       0       0       0       0       0       0       0       0       0       0       
      +0       0       0       0       0       0
   302 ;;      Totals:         0       0       0       0       0       0       0       0       0       0       0       0       
      +0       0       0       0       0       0       0       0       0       0       0       0       0       0       0       
      +0       0       0       0       0       0
   303 ;;Total ram usage:        0 bytes
   304 ;; Hardware stack levels used: 1
   305 ;; This function calls:
   306 ;;		Nothing
   307 ;; This function is called by:
   308 ;;		_SYSTEM_Initialize
   309 ;; This function uses a non-reentrant model
   310 ;;
   311                           
   312                           	psect	text2
   313   01FF2E                     __ptext2:
   314                           	callstack 0
   315   01FF2E                     _PIN_MANAGER_Initialize:
   316                           	callstack 125
   317   01FF2E                     
   318                           ;mcc_generated_files/system/src/pins.c: 43:     LATA = 0x0;
   319   01FF2E  0E00               	movlw	0
   320   01FF30  6EBE               	movwf	190,c	;volatile
   321                           
   322                           ;mcc_generated_files/system/src/pins.c: 44:     LATB = 0x0;
   323   01FF32  0E00               	movlw	0
   324   01FF34  6EBF               	movwf	191,c	;volatile
   325                           
   326                           ;mcc_generated_files/system/src/pins.c: 45:     LATC = 0x0;
   327   01FF36  0E00               	movlw	0
   328   01FF38  6EC0               	movwf	192,c	;volatile
   329                           
   330                           ;mcc_generated_files/system/src/pins.c: 46:     LATD = 0x0;
   331   01FF3A  0E00               	movlw	0
   332   01FF3C  6EC1               	movwf	193,c	;volatile
   333                           
   334                           ;mcc_generated_files/system/src/pins.c: 47:     LATE = 0x0;
   335   01FF3E  0E00               	movlw	0
   336   01FF40  6EC2               	movwf	194,c	;volatile
   337                           
   338                           ;mcc_generated_files/system/src/pins.c: 48:     LATF = 0x0;
   339   01FF42  0E00               	movlw	0
   340   01FF44  6EC3               	movwf	195,c	;volatile
   341   01FF46                     
   342                           ;mcc_generated_files/system/src/pins.c: 53:     TRISA = 0xFF;
   343   01FF46  68C6               	setf	198,c	;volatile
   344   01FF48                     
   345                           ;mcc_generated_files/system/src/pins.c: 54:     TRISB = 0xFF;
   346   01FF48  68C7               	setf	199,c	;volatile
   347   01FF4A                     
   348                           ;mcc_generated_files/system/src/pins.c: 55:     TRISC = 0xFF;
   349   01FF4A  68C8               	setf	200,c	;volatile
   350   01FF4C                     
   351                           ;mcc_generated_files/system/src/pins.c: 56:     TRISD = 0xFF;
   352   01FF4C  68C9               	setf	201,c	;volatile
   353                           
   354                           ;mcc_generated_files/system/src/pins.c: 57:     TRISE = 0xF;
   355   01FF4E  0E0F               	movlw	15
   356   01FF50  6ECA               	movwf	202,c	;volatile
   357                           
   358                           ;mcc_generated_files/system/src/pins.c: 58:     TRISF = 0xF7;
   359   01FF52  0EF7               	movlw	247
   360   01FF54  6ECB               	movwf	203,c	;volatile
   361   01FF56                     
   362                           ;mcc_generated_files/system/src/pins.c: 63:     ANSELA = 0xFF;
   363   01FF56  0104               	movlb	4	; () banked
   364   01FF58  6900               	setf	0,b	;volatile
   365                           
   366                           ;mcc_generated_files/system/src/pins.c: 64:     ANSELB = 0xEF;
   367   01FF5A  0EEF               	movlw	239
   368   01FF5C  6F08               	movwf	8,b	;volatile
   369   01FF5E                     
   370                           ; BSR set to: 4
   371                           ;mcc_generated_files/system/src/pins.c: 65:     ANSELC = 0xFF;
   372   01FF5E  6910               	setf	16,b	;volatile
   373   01FF60                     
   374                           ; BSR set to: 4
   375                           ;mcc_generated_files/system/src/pins.c: 66:     ANSELD = 0xFF;
   376   01FF60  6918               	setf	24,b	;volatile
   377                           
   378                           ;mcc_generated_files/system/src/pins.c: 67:     ANSELE = 0x7;
   379   01FF62  0E07               	movlw	7
   380   01FF64  6F20               	movwf	32,b	;volatile
   381                           
   382                           ;mcc_generated_files/system/src/pins.c: 68:     ANSELF = 0xF7;
   383   01FF66  0EF7               	movlw	247
   384   01FF68  6F28               	movwf	40,b	;volatile
   385                           
   386                           ;mcc_generated_files/system/src/pins.c: 73:     WPUA = 0x0;
   387   01FF6A  0E00               	movlw	0
   388   01FF6C  6F01               	movwf	1,b	;volatile
   389                           
   390                           ;mcc_generated_files/system/src/pins.c: 74:     WPUB = 0x10;
   391   01FF6E  0E10               	movlw	16
   392   01FF70  6F09               	movwf	9,b	;volatile
   393                           
   394                           ;mcc_generated_files/system/src/pins.c: 75:     WPUC = 0x0;
   395   01FF72  0E00               	movlw	0
   396   01FF74  6F11               	movwf	17,b	;volatile
   397                           
   398                           ;mcc_generated_files/system/src/pins.c: 76:     WPUD = 0x0;
   399   01FF76  0E00               	movlw	0
   400   01FF78  6F19               	movwf	25,b	;volatile
   401                           
   402                           ;mcc_generated_files/system/src/pins.c: 77:     WPUE = 0x0;
   403   01FF7A  0E00               	movlw	0
   404   01FF7C  6F21               	movwf	33,b	;volatile
   405                           
   406                           ;mcc_generated_files/system/src/pins.c: 78:     WPUF = 0x0;
   407   01FF7E  0E00               	movlw	0
   408   01FF80  6F29               	movwf	41,b	;volatile
   409                           
   410                           ;mcc_generated_files/system/src/pins.c: 83:     RB1I2C = 0x0;
   411   01FF82  0E00               	movlw	0
   412   01FF84  0102               	movlb	2	; () banked
   413   01FF86  6F89               	movwf	137,b	;volatile
   414                           
   415                           ;mcc_generated_files/system/src/pins.c: 84:     RB2I2C = 0x0;
   416   01FF88  0E00               	movlw	0
   417   01FF8A  6F88               	movwf	136,b	;volatile
   418                           
   419                           ;mcc_generated_files/system/src/pins.c: 85:     RC3I2C = 0x0;
   420   01FF8C  0E00               	movlw	0
   421   01FF8E  6F87               	movwf	135,b	;volatile
   422                           
   423                           ;mcc_generated_files/system/src/pins.c: 86:     RC4I2C = 0x0;
   424   01FF90  0E00               	movlw	0
   425   01FF92  6F86               	movwf	134,b	;volatile
   426                           
   427                           ;mcc_generated_files/system/src/pins.c: 91:     ODCONA = 0x0;
   428   01FF94  0E00               	movlw	0
   429   01FF96  0104               	movlb	4	; () banked
   430   01FF98  6F02               	movwf	2,b	;volatile
   431                           
   432                           ;mcc_generated_files/system/src/pins.c: 92:     ODCONB = 0x0;
   433   01FF9A  0E00               	movlw	0
   434   01FF9C  6F0A               	movwf	10,b	;volatile
   435                           
   436                           ;mcc_generated_files/system/src/pins.c: 93:     ODCONC = 0x0;
   437   01FF9E  0E00               	movlw	0
   438   01FFA0  6F12               	movwf	18,b	;volatile
   439                           
   440                           ;mcc_generated_files/system/src/pins.c: 94:     ODCOND = 0x0;
   441   01FFA2  0E00               	movlw	0
   442   01FFA4  6F1A               	movwf	26,b	;volatile
   443                           
   444                           ;mcc_generated_files/system/src/pins.c: 95:     ODCONE = 0x0;
   445   01FFA6  0E00               	movlw	0
   446   01FFA8  6F22               	movwf	34,b	;volatile
   447                           
   448                           ;mcc_generated_files/system/src/pins.c: 96:     ODCONF = 0x0;
   449   01FFAA  0E00               	movlw	0
   450   01FFAC  6F2A               	movwf	42,b	;volatile
   451   01FFAE                     
   452                           ; BSR set to: 4
   453                           ;mcc_generated_files/system/src/pins.c: 101:     SLRCONA = 0xFF;
   454   01FFAE  6903               	setf	3,b	;volatile
   455   01FFB0                     
   456                           ; BSR set to: 4
   457                           ;mcc_generated_files/system/src/pins.c: 102:     SLRCONB = 0xFF;
   458   01FFB0  690B               	setf	11,b	;volatile
   459   01FFB2                     
   460                           ; BSR set to: 4
   461                           ;mcc_generated_files/system/src/pins.c: 103:     SLRCONC = 0xFF;
   462   01FFB2  6913               	setf	19,b	;volatile
   463   01FFB4                     
   464                           ; BSR set to: 4
   465                           ;mcc_generated_files/system/src/pins.c: 104:     SLRCOND = 0xFF;
   466   01FFB4  691B               	setf	27,b	;volatile
   467                           
   468                           ;mcc_generated_files/system/src/pins.c: 105:     SLRCONE = 0x7;
   469   01FFB6  0E07               	movlw	7
   470   01FFB8  6F23               	movwf	35,b	;volatile
   471   01FFBA                     
   472                           ; BSR set to: 4
   473                           ;mcc_generated_files/system/src/pins.c: 106:     SLRCONF = 0xFF;
   474   01FFBA  692B               	setf	43,b	;volatile
   475   01FFBC                     
   476                           ; BSR set to: 4
   477                           ;mcc_generated_files/system/src/pins.c: 111:     INLVLA = 0xFF;
   478   01FFBC  6904               	setf	4,b	;volatile
   479   01FFBE                     
   480                           ; BSR set to: 4
   481                           ;mcc_generated_files/system/src/pins.c: 112:     INLVLB = 0xFF;
   482   01FFBE  690C               	setf	12,b	;volatile
   483   01FFC0                     
   484                           ; BSR set to: 4
   485                           ;mcc_generated_files/system/src/pins.c: 113:     INLVLC = 0xFF;
   486   01FFC0  6914               	setf	20,b	;volatile
   487   01FFC2                     
   488                           ; BSR set to: 4
   489                           ;mcc_generated_files/system/src/pins.c: 114:     INLVLD = 0xFF;
   490   01FFC2  691C               	setf	28,b	;volatile
   491                           
   492                           ;mcc_generated_files/system/src/pins.c: 115:     INLVLE = 0xF;
   493   01FFC4  0E0F               	movlw	15
   494   01FFC6  6F24               	movwf	36,b	;volatile
   495   01FFC8                     
   496                           ; BSR set to: 4
   497                           ;mcc_generated_files/system/src/pins.c: 116:     INLVLF = 0xFF;
   498   01FFC8  692C               	setf	44,b	;volatile
   499                           
   500                           ;mcc_generated_files/system/src/pins.c: 124:     IOCAP = 0x0;
   501   01FFCA  0E00               	movlw	0
   502   01FFCC  6F05               	movwf	5,b	;volatile
   503                           
   504                           ;mcc_generated_files/system/src/pins.c: 125:     IOCAN = 0x0;
   505   01FFCE  0E00               	movlw	0
   506   01FFD0  6F06               	movwf	6,b	;volatile
   507                           
   508                           ;mcc_generated_files/system/src/pins.c: 126:     IOCAF = 0x0;
   509   01FFD2  0E00               	movlw	0
   510   01FFD4  6F07               	movwf	7,b	;volatile
   511                           
   512                           ;mcc_generated_files/system/src/pins.c: 127:     IOCBP = 0x0;
   513   01FFD6  0E00               	movlw	0
   514   01FFD8  6F0D               	movwf	13,b	;volatile
   515                           
   516                           ;mcc_generated_files/system/src/pins.c: 128:     IOCBN = 0x0;
   517   01FFDA  0E00               	movlw	0
   518   01FFDC  6F0E               	movwf	14,b	;volatile
   519                           
   520                           ;mcc_generated_files/system/src/pins.c: 129:     IOCBF = 0x0;
   521   01FFDE  0E00               	movlw	0
   522   01FFE0  6F0F               	movwf	15,b	;volatile
   523                           
   524                           ;mcc_generated_files/system/src/pins.c: 130:     IOCCP = 0x0;
   525   01FFE2  0E00               	movlw	0
   526   01FFE4  6F15               	movwf	21,b	;volatile
   527                           
   528                           ;mcc_generated_files/system/src/pins.c: 131:     IOCCN = 0x0;
   529   01FFE6  0E00               	movlw	0
   530   01FFE8  6F16               	movwf	22,b	;volatile
   531                           
   532                           ;mcc_generated_files/system/src/pins.c: 132:     IOCCF = 0x0;
   533   01FFEA  0E00               	movlw	0
   534   01FFEC  6F17               	movwf	23,b	;volatile
   535                           
   536                           ;mcc_generated_files/system/src/pins.c: 133:     IOCEP = 0x0;
   537   01FFEE  0E00               	movlw	0
   538   01FFF0  6F25               	movwf	37,b	;volatile
   539                           
   540                           ;mcc_generated_files/system/src/pins.c: 134:     IOCEN = 0x0;
   541   01FFF2  0E00               	movlw	0
   542   01FFF4  6F26               	movwf	38,b	;volatile
   543                           
   544                           ;mcc_generated_files/system/src/pins.c: 135:     IOCEF = 0x0;
   545   01FFF6  0E00               	movlw	0
   546   01FFF8  6F27               	movwf	39,b	;volatile
   547   01FFFA                     
   548                           ; BSR set to: 4
   549   01FFFA  0012               	return		;funcret
   550   01FFFC                     __end_of_PIN_MANAGER_Initialize:
   551                           	callstack 0
   552                           
   553 ;; *************** function _INTERRUPT_Initialize *****************
   554 ;; Defined at:
   555 ;;		line 42 in file "mcc_generated_files/system/src/interrupt.c"
   556 ;; Parameters:    Size  Location     Type
   557 ;;		None
   558 ;; Auto vars:     Size  Location     Type
   559 ;;		None
   560 ;; Return value:  Size  Location     Type
   561 ;;                  1    wreg      void 
   562 ;; Registers used:
   563 ;;		wreg, status,2, status,0, cstack
   564 ;; Tracked objects:
   565 ;;		On entry : 0/0
   566 ;;		On exit  : 0/0
   567 ;;		Unchanged: 0/0
   568 ;; Data sizes:     COMRAM   BANK5   BANK6   BANK7   BANK8   BANK9  BANK10  BANK11  BANK12  BANK13  BANK14  BANK15  BANK1
      +6  BANK17  BANK18  BANK19  BANK20  BANK21  BANK22  BANK23  BANK24  BANK25  BANK26  BANK27  BANK28  BANK29  BANK30  BANK3
      +1  BANK32  BANK33  BANK34  BANK35  BANK36
   569 ;;      Params:         0       0       0       0       0       0       0       0       0       0       0       0       
      +0       0       0       0       0       0       0       0       0       0       0       0       0       0       0       
      +0       0       0       0       0       0
   570 ;;      Locals:         0       0       0       0       0       0       0       0       0       0       0       0       
      +0       0       0       0       0       0       0       0       0       0       0       0       0       0       0       
      +0       0       0       0       0       0
   571 ;;      Temps:          0       0       0       0       0       0       0       0       0       0       0       0       
      +0       0       0       0       0       0       0       0       0       0       0       0       0       0       0       
      +0       0       0       0       0       0
   572 ;;      Totals:         0       0       0       0       0       0       0       0       0       0       0       0       
      +0       0       0       0       0       0       0       0       0       0       0       0       0       0       0       
      +0       0       0       0       0       0
   573 ;;Total ram usage:        0 bytes
   574 ;; Hardware stack levels used: 1
   575 ;; Hardware stack levels required when called: 1
   576 ;; This function calls:
   577 ;;		_INT0_SetInterruptHandler
   578 ;;		_INT1_SetInterruptHandler
   579 ;;		_INT2_SetInterruptHandler
   580 ;; This function is called by:
   581 ;;		_SYSTEM_Initialize
   582 ;; This function uses a non-reentrant model
   583 ;;
   584                           
   585                           	psect	text3
   586   01FEEE                     __ptext3:
   587                           	callstack 0
   588   01FEEE                     _INTERRUPT_Initialize:
   589                           	callstack 124
   590   01FEEE                     
   591                           ;mcc_generated_files/system/src/interrupt.c: 45:     INTCON0bits.IPEN = 0;
   592   01FEEE  9AD6               	bcf	214,5,c	;volatile
   593                           
   594                           ;mcc_generated_files/system/src/interrupt.c: 49:     (PIR1bits.INT0IF = 0);
   595   01FEF0  90AF               	bcf	175,0,c	;volatile
   596                           
   597                           ;mcc_generated_files/system/src/interrupt.c: 50:     (INTCON0bits.INT0EDG = 1);
   598   01FEF2  80D6               	bsf	214,0,c	;volatile
   599   01FEF4                     
   600                           ;mcc_generated_files/system/src/interrupt.c: 52:     INT0_SetInterruptHandler(INT0_Defau
      +                          ltInterruptHandler);
   601   01FEF4  0E00               	movlw	0
   602   01FEF6  6E0A               	movwf	INT0_SetInterruptHandler@InterruptHandler^(0+1280),c
   603   01FEF8  0E00               	movlw	0
   604   01FEFA  6E0B               	movwf	(INT0_SetInterruptHandler@InterruptHandler+1)^(0+1280),c
   605   01FEFC  0E00               	movlw	0
   606   01FEFE  6E0C               	movwf	(INT0_SetInterruptHandler@InterruptHandler+2)^(0+1280),c
   607   01FF00  EC3C  F0FF         	call	_INT0_SetInterruptHandler	;wreg free
   608   01FF04                     
   609                           ;mcc_generated_files/system/src/interrupt.c: 57:     (PIR6bits.INT1IF = 0);
   610   01FF04  90B4               	bcf	180,0,c	;volatile
   611   01FF06                     
   612                           ;mcc_generated_files/system/src/interrupt.c: 58:     (INTCON0bits.INT1EDG = 1);
   613   01FF06  82D6               	bsf	214,1,c	;volatile
   614                           
   615                           ;mcc_generated_files/system/src/interrupt.c: 60:     INT1_SetInterruptHandler(INT1_Defau
      +                          ltInterruptHandler);
   616   01FF08  0E00               	movlw	0
   617   01FF0A  6E0A               	movwf	INT1_SetInterruptHandler@InterruptHandler^(0+1280),c
   618   01FF0C  0E00               	movlw	0
   619   01FF0E  6E0B               	movwf	(INT1_SetInterruptHandler@InterruptHandler+1)^(0+1280),c
   620   01FF10  0E00               	movlw	0
   621   01FF12  6E0C               	movwf	(INT1_SetInterruptHandler@InterruptHandler+2)^(0+1280),c
   622   01FF14  EC43  F0FF         	call	_INT1_SetInterruptHandler	;wreg free
   623   01FF18                     
   624                           ;mcc_generated_files/system/src/interrupt.c: 65:     (PIR10bits.INT2IF = 0);
   625   01FF18  90B8               	bcf	184,0,c	;volatile
   626   01FF1A                     
   627                           ;mcc_generated_files/system/src/interrupt.c: 66:     (INTCON0bits.INT2EDG = 1);
   628   01FF1A  84D6               	bsf	214,2,c	;volatile
   629                           
   630                           ;mcc_generated_files/system/src/interrupt.c: 68:     INT2_SetInterruptHandler(INT2_Defau
      +                          ltInterruptHandler);
   631   01FF1C  0E00               	movlw	0
   632   01FF1E  6E0A               	movwf	INT2_SetInterruptHandler@InterruptHandler^(0+1280),c
   633   01FF20  0E00               	movlw	0
   634   01FF22  6E0B               	movwf	(INT2_SetInterruptHandler@InterruptHandler+1)^(0+1280),c
   635   01FF24  0E00               	movlw	0
   636   01FF26  6E0C               	movwf	(INT2_SetInterruptHandler@InterruptHandler+2)^(0+1280),c
   637   01FF28  EC4A  F0FF         	call	_INT2_SetInterruptHandler	;wreg free
   638   01FF2C  0012               	return		;funcret
   639   01FF2E                     __end_of_INTERRUPT_Initialize:
   640                           	callstack 0
   641                           
   642 ;; *************** function _INT2_SetInterruptHandler *****************
   643 ;; Defined at:
   644 ;;		line 144 in file "mcc_generated_files/system/src/interrupt.c"
   645 ;; Parameters:    Size  Location     Type
   646 ;;  InterruptHan    3    0[COMRAM] PTR FTN()void 
   647 ;;		 -> INT2_DefaultInterruptHandler(1), 
   648 ;; Auto vars:     Size  Location     Type
   649 ;;		None
   650 ;; Return value:  Size  Location     Type
   651 ;;                  1    wreg      void 
   652 ;; Registers used:
   653 ;;		wreg, status,2, status,0
   654 ;; Tracked objects:
   655 ;;		On entry : 0/0
   656 ;;		On exit  : 0/0
   657 ;;		Unchanged: 0/0
   658 ;; Data sizes:     COMRAM   BANK5   BANK6   BANK7   BANK8   BANK9  BANK10  BANK11  BANK12  BANK13  BANK14  BANK15  BANK1
      +6  BANK17  BANK18  BANK19  BANK20  BANK21  BANK22  BANK23  BANK24  BANK25  BANK26  BANK27  BANK28  BANK29  BANK30  BANK3
      +1  BANK32  BANK33  BANK34  BANK35  BANK36
   659 ;;      Params:         3       0       0       0       0       0       0       0       0       0       0       0       
      +0       0       0       0       0       0       0       0       0       0       0       0       0       0       0       
      +0       0       0       0       0       0
   660 ;;      Locals:         0       0       0       0       0       0       0       0       0       0       0       0       
      +0       0       0       0       0       0       0       0       0       0       0       0       0       0       0       
      +0       0       0       0       0       0
   661 ;;      Temps:          0       0       0       0       0       0       0       0       0       0       0       0       
      +0       0       0       0       0       0       0       0       0       0       0       0       0       0       0       
      +0       0       0       0       0       0
   662 ;;      Totals:         3       0       0       0       0       0       0       0       0       0       0       0       
      +0       0       0       0       0       0       0       0       0       0       0       0       0       0       0       
      +0       0       0       0       0       0
   663 ;;Total ram usage:        3 bytes
   664 ;; Hardware stack levels used: 1
   665 ;; This function calls:
   666 ;;		Nothing
   667 ;; This function is called by:
   668 ;;		_INTERRUPT_Initialize
   669 ;; This function uses a non-reentrant model
   670 ;;
   671                           
   672                           	psect	text4
   673   01FE94                     __ptext4:
   674                           	callstack 0
   675   01FE94                     _INT2_SetInterruptHandler:
   676                           	callstack 124
   677   01FE94                     
   678                           ;mcc_generated_files/system/src/interrupt.c: 145:     INT2_InterruptHandler = InterruptH
      +                          andler;
   679   01FE94  C50A  F501         	movff	INT2_SetInterruptHandler@InterruptHandler,_INT2_InterruptHandler
   680   01FE98  C50B  F502         	movff	INT2_SetInterruptHandler@InterruptHandler+1,_INT2_InterruptHandler+1
   681   01FE9C  C50C  F503         	movff	INT2_SetInterruptHandler@InterruptHandler+2,_INT2_InterruptHandler+2
   682   01FEA0  0012               	return		;funcret
   683   01FEA2                     __end_of_INT2_SetInterruptHandler:
   684                           	callstack 0
   685                           
   686 ;; *************** function _INT1_SetInterruptHandler *****************
   687 ;; Defined at:
   688 ;;		line 118 in file "mcc_generated_files/system/src/interrupt.c"
   689 ;; Parameters:    Size  Location     Type
   690 ;;  InterruptHan    3    0[COMRAM] PTR FTN()void 
   691 ;;		 -> INT1_DefaultInterruptHandler(1), 
   692 ;; Auto vars:     Size  Location     Type
   693 ;;		None
   694 ;; Return value:  Size  Location     Type
   695 ;;                  1    wreg      void 
   696 ;; Registers used:
   697 ;;		wreg, status,2, status,0
   698 ;; Tracked objects:
   699 ;;		On entry : 0/0
   700 ;;		On exit  : 0/0
   701 ;;		Unchanged: 0/0
   702 ;; Data sizes:     COMRAM   BANK5   BANK6   BANK7   BANK8   BANK9  BANK10  BANK11  BANK12  BANK13  BANK14  BANK15  BANK1
      +6  BANK17  BANK18  BANK19  BANK20  BANK21  BANK22  BANK23  BANK24  BANK25  BANK26  BANK27  BANK28  BANK29  BANK30  BANK3
      +1  BANK32  BANK33  BANK34  BANK35  BANK36
   703 ;;      Params:         3       0       0       0       0       0       0       0       0       0       0       0       
      +0       0       0       0       0       0       0       0       0       0       0       0       0       0       0       
      +0       0       0       0       0       0
   704 ;;      Locals:         0       0       0       0       0       0       0       0       0       0       0       0       
      +0       0       0       0       0       0       0       0       0       0       0       0       0       0       0       
      +0       0       0       0       0       0
   705 ;;      Temps:          0       0       0       0       0       0       0       0       0       0       0       0       
      +0       0       0       0       0       0       0       0       0       0       0       0       0       0       0       
      +0       0       0       0       0       0
   706 ;;      Totals:         3       0       0       0       0       0       0       0       0       0       0       0       
      +0       0       0       0       0       0       0       0       0       0       0       0       0       0       0       
      +0       0       0       0       0       0
   707 ;;Total ram usage:        3 bytes
   708 ;; Hardware stack levels used: 1
   709 ;; This function calls:
   710 ;;		Nothing
   711 ;; This function is called by:
   712 ;;		_INTERRUPT_Initialize
   713 ;; This function uses a non-reentrant model
   714 ;;
   715                           
   716                           	psect	text5
   717   01FE86                     __ptext5:
   718                           	callstack 0
   719   01FE86                     _INT1_SetInterruptHandler:
   720                           	callstack 124
   721   01FE86                     
   722                           ;mcc_generated_files/system/src/interrupt.c: 119:     INT1_InterruptHandler = InterruptH
      +                          andler;
   723   01FE86  C50A  F504         	movff	INT1_SetInterruptHandler@InterruptHandler,_INT1_InterruptHandler
   724   01FE8A  C50B  F505         	movff	INT1_SetInterruptHandler@InterruptHandler+1,_INT1_InterruptHandler+1
   725   01FE8E  C50C  F506         	movff	INT1_SetInterruptHandler@InterruptHandler+2,_INT1_InterruptHandler+2
   726   01FE92  0012               	return		;funcret
   727   01FE94                     __end_of_INT1_SetInterruptHandler:
   728                           	callstack 0
   729                           
   730 ;; *************** function _INT0_SetInterruptHandler *****************
   731 ;; Defined at:
   732 ;;		line 92 in file "mcc_generated_files/system/src/interrupt.c"
   733 ;; Parameters:    Size  Location     Type
   734 ;;  InterruptHan    3    0[COMRAM] PTR FTN()void 
   735 ;;		 -> INT0_DefaultInterruptHandler(1), 
   736 ;; Auto vars:     Size  Location     Type
   737 ;;		None
   738 ;; Return value:  Size  Location     Type
   739 ;;                  1    wreg      void 
   740 ;; Registers used:
   741 ;;		wreg, status,2, status,0
   742 ;; Tracked objects:
   743 ;;		On entry : 0/0
   744 ;;		On exit  : 0/0
   745 ;;		Unchanged: 0/0
   746 ;; Data sizes:     COMRAM   BANK5   BANK6   BANK7   BANK8   BANK9  BANK10  BANK11  BANK12  BANK13  BANK14  BANK15  BANK1
      +6  BANK17  BANK18  BANK19  BANK20  BANK21  BANK22  BANK23  BANK24  BANK25  BANK26  BANK27  BANK28  BANK29  BANK30  BANK3
      +1  BANK32  BANK33  BANK34  BANK35  BANK36
   747 ;;      Params:         3       0       0       0       0       0       0       0       0       0       0       0       
      +0       0       0       0       0       0       0       0       0       0       0       0       0       0       0       
      +0       0       0       0       0       0
   748 ;;      Locals:         0       0       0       0       0       0       0       0       0       0       0       0       
      +0       0       0       0       0       0       0       0       0       0       0       0       0       0       0       
      +0       0       0       0       0       0
   749 ;;      Temps:          0       0       0       0       0       0       0       0       0       0       0       0       
      +0       0       0       0       0       0       0       0       0       0       0       0       0       0       0       
      +0       0       0       0       0       0
   750 ;;      Totals:         3       0       0       0       0       0       0       0       0       0       0       0       
      +0       0       0       0       0       0       0       0       0       0       0       0       0       0       0       
      +0       0       0       0       0       0
   751 ;;Total ram usage:        3 bytes
   752 ;; Hardware stack levels used: 1
   753 ;; This function calls:
   754 ;;		Nothing
   755 ;; This function is called by:
   756 ;;		_INTERRUPT_Initialize
   757 ;; This function uses a non-reentrant model
   758 ;;
   759                           
   760                           	psect	text6
   761   01FE78                     __ptext6:
   762                           	callstack 0
   763   01FE78                     _INT0_SetInterruptHandler:
   764                           	callstack 124
   765   01FE78                     
   766                           ;mcc_generated_files/system/src/interrupt.c: 93:     INT0_InterruptHandler = InterruptHa
      +                          ndler;
   767   01FE78  C50A  F507         	movff	INT0_SetInterruptHandler@InterruptHandler,_INT0_InterruptHandler
   768   01FE7C  C50B  F508         	movff	INT0_SetInterruptHandler@InterruptHandler+1,_INT0_InterruptHandler+1
   769   01FE80  C50C  F509         	movff	INT0_SetInterruptHandler@InterruptHandler+2,_INT0_InterruptHandler+2
   770   01FE84  0012               	return		;funcret
   771   01FE86                     __end_of_INT0_SetInterruptHandler:
   772                           	callstack 0
   773                           
   774 ;; *************** function _CLOCK_Initialize *****************
   775 ;; Defined at:
   776 ;;		line 37 in file "mcc_generated_files/system/src/clock.c"
   777 ;; Parameters:    Size  Location     Type
   778 ;;		None
   779 ;; Auto vars:     Size  Location     Type
   780 ;;		None
   781 ;; Return value:  Size  Location     Type
   782 ;;                  1    wreg      void 
   783 ;; Registers used:
   784 ;;		wreg, status,2
   785 ;; Tracked objects:
   786 ;;		On entry : 0/0
   787 ;;		On exit  : 0/0
   788 ;;		Unchanged: 0/0
   789 ;; Data sizes:     COMRAM   BANK5   BANK6   BANK7   BANK8   BANK9  BANK10  BANK11  BANK12  BANK13  BANK14  BANK15  BANK1
      +6  BANK17  BANK18  BANK19  BANK20  BANK21  BANK22  BANK23  BANK24  BANK25  BANK26  BANK27  BANK28  BANK29  BANK30  BANK3
      +1  BANK32  BANK33  BANK34  BANK35  BANK36
   790 ;;      Params:         0       0       0       0       0       0       0       0       0       0       0       0       
      +0       0       0       0       0       0       0       0       0       0       0       0       0       0       0       
      +0       0       0       0       0       0
   791 ;;      Locals:         0       0       0       0       0       0       0       0       0       0       0       0       
      +0       0       0       0       0       0       0       0       0       0       0       0       0       0       0       
      +0       0       0       0       0       0
   792 ;;      Temps:          0       0       0       0       0       0       0       0       0       0       0       0       
      +0       0       0       0       0       0       0       0       0       0       0       0       0       0       0       
      +0       0       0       0       0       0
   793 ;;      Totals:         0       0       0       0       0       0       0       0       0       0       0       0       
      +0       0       0       0       0       0       0       0       0       0       0       0       0       0       0       
      +0       0       0       0       0       0
   794 ;;Total ram usage:        0 bytes
   795 ;; Hardware stack levels used: 1
   796 ;; This function calls:
   797 ;;		Nothing
   798 ;; This function is called by:
   799 ;;		_SYSTEM_Initialize
   800 ;; This function uses a non-reentrant model
   801 ;;
   802                           
   803                           	psect	text7
   804   01FEB0                     __ptext7:
   805                           	callstack 0
   806   01FEB0                     _CLOCK_Initialize:
   807                           	callstack 125
   808   01FEB0                     
   809                           ;mcc_generated_files/system/src/clock.c: 41:     OSCCON1 = 0x60;
   810   01FEB0  0E60               	movlw	96
   811   01FEB2  0100               	movlb	0	; () banked
   812   01FEB4  6FAD               	movwf	173,b	;volatile
   813                           
   814                           ;mcc_generated_files/system/src/clock.c: 43:     OSCCON3 = 0x0;
   815   01FEB6  0E00               	movlw	0
   816   01FEB8  6FAF               	movwf	175,b	;volatile
   817                           
   818                           ;mcc_generated_files/system/src/clock.c: 45:     OSCEN = 0x0;
   819   01FEBA  0E00               	movlw	0
   820   01FEBC  6FB3               	movwf	179,b	;volatile
   821                           
   822                           ;mcc_generated_files/system/src/clock.c: 47:     OSCFRQ = 0x8;
   823   01FEBE  0E08               	movlw	8
   824   01FEC0  6FB1               	movwf	177,b	;volatile
   825                           
   826                           ;mcc_generated_files/system/src/clock.c: 49:     OSCTUNE = 0x0;
   827   01FEC2  0E00               	movlw	0
   828   01FEC4  6FB0               	movwf	176,b	;volatile
   829                           
   830                           ;mcc_generated_files/system/src/clock.c: 51:     ACTCON = 0x0;
   831   01FEC6  0E00               	movlw	0
   832   01FEC8  6FAC               	movwf	172,b	;volatile
   833   01FECA                     
   834                           ; BSR set to: 0
   835   01FECA  0012               	return		;funcret
   836   01FECC                     __end_of_CLOCK_Initialize:
   837                           	callstack 0
   838   000000                     
   839                           	psect	rparam
   840   000000                     
   841                           	psect	idloc
   842                           
   843                           ;Config register IDLOC0 @ 0x200000
   844                           ;	unspecified, using default values
   845   200000                     	org	2097152
   846   200000  0FFF               	dw	4095
   847                           
   848                           ;Config register IDLOC1 @ 0x200002
   849                           ;	unspecified, using default values
   850   200002                     	org	2097154
   851   200002  0FFF               	dw	4095
   852                           
   853                           ;Config register IDLOC2 @ 0x200004
   854                           ;	unspecified, using default values
   855   200004                     	org	2097156
   856   200004  0FFF               	dw	4095
   857                           
   858                           ;Config register IDLOC3 @ 0x200006
   859                           ;	unspecified, using default values
   860   200006                     	org	2097158
   861   200006  0FFF               	dw	4095
   862                           
   863                           ;Config register IDLOC4 @ 0x200008
   864                           ;	unspecified, using default values
   865   200008                     	org	2097160
   866   200008  0FFF               	dw	4095
   867                           
   868                           ;Config register IDLOC5 @ 0x20000A
   869                           ;	unspecified, using default values
   870   20000A                     	org	2097162
   871   20000A  0FFF               	dw	4095
   872                           
   873                           ;Config register IDLOC6 @ 0x20000C
   874                           ;	unspecified, using default values
   875   20000C                     	org	2097164
   876   20000C  0FFF               	dw	4095
   877                           
   878                           ;Config register IDLOC7 @ 0x20000E
   879                           ;	unspecified, using default values
   880   20000E                     	org	2097166
   881   20000E  0FFF               	dw	4095
   882                           
   883                           ;Config register IDLOC8 @ 0x200010
   884                           ;	unspecified, using default values
   885   200010                     	org	2097168
   886   200010  0FFF               	dw	4095
   887                           
   888                           ;Config register IDLOC9 @ 0x200012
   889                           ;	unspecified, using default values
   890   200012                     	org	2097170
   891   200012  0FFF               	dw	4095
   892                           
   893                           ;Config register IDLOC10 @ 0x200014
   894                           ;	unspecified, using default values
   895   200014                     	org	2097172
   896   200014  0FFF               	dw	4095
   897                           
   898                           ;Config register IDLOC11 @ 0x200016
   899                           ;	unspecified, using default values
   900   200016                     	org	2097174
   901   200016  0FFF               	dw	4095
   902                           
   903                           ;Config register IDLOC12 @ 0x200018
   904                           ;	unspecified, using default values
   905   200018                     	org	2097176
   906   200018  0FFF               	dw	4095
   907                           
   908                           ;Config register IDLOC13 @ 0x20001A
   909                           ;	unspecified, using default values
   910   20001A                     	org	2097178
   911   20001A  0FFF               	dw	4095
   912                           
   913                           ;Config register IDLOC14 @ 0x20001C
   914                           ;	unspecified, using default values
   915   20001C                     	org	2097180
   916   20001C  0FFF               	dw	4095
   917                           
   918                           ;Config register IDLOC15 @ 0x20001E
   919                           ;	unspecified, using default values
   920   20001E                     	org	2097182
   921   20001E  0FFF               	dw	4095
   922                           
   923                           ;Config register IDLOC16 @ 0x200020
   924                           ;	unspecified, using default values
   925   200020                     	org	2097184
   926   200020  0FFF               	dw	4095
   927                           
   928                           ;Config register IDLOC17 @ 0x200022
   929                           ;	unspecified, using default values
   930   200022                     	org	2097186
   931   200022  0FFF               	dw	4095
   932                           
   933                           ;Config register IDLOC18 @ 0x200024
   934                           ;	unspecified, using default values
   935   200024                     	org	2097188
   936   200024  0FFF               	dw	4095
   937                           
   938                           ;Config register IDLOC19 @ 0x200026
   939                           ;	unspecified, using default values
   940   200026                     	org	2097190
   941   200026  0FFF               	dw	4095
   942                           
   943                           ;Config register IDLOC20 @ 0x200028
   944                           ;	unspecified, using default values
   945   200028                     	org	2097192
   946   200028  0FFF               	dw	4095
   947                           
   948                           ;Config register IDLOC21 @ 0x20002A
   949                           ;	unspecified, using default values
   950   20002A                     	org	2097194
   951   20002A  0FFF               	dw	4095
   952                           
   953                           ;Config register IDLOC22 @ 0x20002C
   954                           ;	unspecified, using default values
   955   20002C                     	org	2097196
   956   20002C  0FFF               	dw	4095
   957                           
   958                           ;Config register IDLOC23 @ 0x20002E
   959                           ;	unspecified, using default values
   960   20002E                     	org	2097198
   961   20002E  0FFF               	dw	4095
   962                           
   963                           ;Config register IDLOC24 @ 0x200030
   964                           ;	unspecified, using default values
   965   200030                     	org	2097200
   966   200030  0FFF               	dw	4095
   967                           
   968                           ;Config register IDLOC25 @ 0x200032
   969                           ;	unspecified, using default values
   970   200032                     	org	2097202
   971   200032  0FFF               	dw	4095
   972                           
   973                           ;Config register IDLOC26 @ 0x200034
   974                           ;	unspecified, using default values
   975   200034                     	org	2097204
   976   200034  0FFF               	dw	4095
   977                           
   978                           ;Config register IDLOC27 @ 0x200036
   979                           ;	unspecified, using default values
   980   200036                     	org	2097206
   981   200036  0FFF               	dw	4095
   982                           
   983                           ;Config register IDLOC28 @ 0x200038
   984                           ;	unspecified, using default values
   985   200038                     	org	2097208
   986   200038  0FFF               	dw	4095
   987                           
   988                           ;Config register IDLOC29 @ 0x20003A
   989                           ;	unspecified, using default values
   990   20003A                     	org	2097210
   991   20003A  0FFF               	dw	4095
   992                           
   993                           ;Config register IDLOC30 @ 0x20003C
   994                           ;	unspecified, using default values
   995   20003C                     	org	2097212
   996   20003C  0FFF               	dw	4095
   997                           
   998                           ;Config register IDLOC31 @ 0x20003E
   999                           ;	unspecified, using default values
  1000   20003E                     	org	2097214
  1001   20003E  0FFF               	dw	4095
  1002                           
  1003                           	psect	config
  1004                           
  1005                           ;Config register CONFIG1 @ 0x300000
  1006                           ;	External Oscillator Selection
  1007                           ;	FEXTOSC = ECH, EC (external clock) above 8 MHz
  1008                           ;	Reset Oscillator Selection
  1009                           ;	RSTOSC = EXTOSC, EXTOSC operating per FEXTOSC bits (device manufacturing default)
  1010   300000                     	org	3145728
  1011   300000  FF                 	db	255
  1012                           
  1013                           ;Config register CONFIG2 @ 0x300001
  1014                           ;	Clock out Enable bit
  1015                           ;	CLKOUTEN = OFF, CLKOUT function is disabled
  1016                           ;	PRLOCKED One-Way Set Enable bit
  1017                           ;	PR1WAY = ON, PRLOCKED bit can be cleared and set only once
  1018                           ;	Clock Switch Enable bit
  1019                           ;	CSWEN = ON, Writing to NOSC and NDIV is allowed
  1020                           ;	Fail-Safe Clock Monitor Enable bit
  1021                           ;	FCMEN = ON, Fail-Safe Clock Monitor enabled
  1022   300001                     	org	3145729
  1023   300001  FF                 	db	255
  1024                           
  1025                           ;Config register CONFIG3 @ 0x300002
  1026                           ;	MCLR Enable bit
  1027                           ;	MCLRE = EXTMCLR, If LVP = 0, MCLR pin is MCLR; If LVP = 1, RE3 pin function is MCLR
  1028                           ;	Power-up timer selection bits
  1029                           ;	PWRTS = PWRT_OFF, PWRT is disabled
  1030                           ;	Multi-vector enable bit
  1031                           ;	MVECEN = OFF, Interrupt contoller does not use vector table to prioritze interrupts
  1032                           ;	IVTLOCK bit One-way set enable bit
  1033                           ;	IVT1WAY = ON, IVTLOCKED bit can be cleared and set only once
  1034                           ;	Low Power BOR Enable bit
  1035                           ;	LPBOREN = OFF, Low-Power BOR disabled
  1036                           ;	Brown-out Reset Enable bits
  1037                           ;	BOREN = SBORDIS, Brown-out Reset enabled , SBOREN bit is ignored
  1038   300002                     	org	3145730
  1039   300002  F7                 	db	247
  1040                           
  1041                           ;Config register CONFIG4 @ 0x300003
  1042                           ;	Brown-out Reset Voltage Selection bits
  1043                           ;	BORV = VBOR_1P9, Brown-out Reset Voltage (VBOR) set to 1.9V
  1044                           ;	ZCD Disable bit
  1045                           ;	ZCD = OFF, ZCD module is disabled. ZCD can be enabled by setting the ZCDSEN bit of ZCD
      +                          CON
  1046                           ;	PPSLOCK bit One-Way Set Enable bit
  1047                           ;	PPS1WAY = ON, PPSLOCKED bit can be cleared and set only once; PPS registers remain loc
      +                          ked after one clear/set cycle
  1048                           ;	Stack Full/Underflow Reset Enable bit
  1049                           ;	STVREN = ON, Stack full/underflow will cause Reset
  1050                           ;	Low Voltage Programming Enable bit
  1051                           ;	LVP = ON, Low voltage programming enabled. MCLR/VPP pin function is MCLR. MCLRE config
      +                          uration bit is ignored
  1052                           ;	Extended Instruction Set Enable bit
  1053                           ;	XINST = OFF, Extended Instruction Set and Indexed Addressing Mode disabled
  1054   300003                     	org	3145731
  1055   300003  FF                 	db	255
  1056                           
  1057                           ;Config register CONFIG5 @ 0x300004
  1058                           ;	WDT Period selection bits
  1059                           ;	WDTCPS = WDTCPS_31, Divider ratio 1:65536; software control of WDTPS
  1060                           ;	WDT operating mode
  1061                           ;	WDTE = OFF, WDT Disabled; SWDTEN is ignored
  1062   300004                     	org	3145732
  1063   300004  9F                 	db	159
  1064                           
  1065                           ;Config register CONFIG6 @ 0x300005
  1066                           ;	WDT Window Select bits
  1067                           ;	WDTCWS = WDTCWS_7, window always open (100%); software control; keyed access not requi
      +                          red
  1068                           ;	WDT input clock selector
  1069                           ;	WDTCCS = SC, Software Control
  1070   300005                     	org	3145733
  1071   300005  FF                 	db	255
  1072                           
  1073                           ;Config register CONFIG7 @ 0x300006
  1074                           ;	Boot Block Size selection bits
  1075                           ;	BBSIZE = BBSIZE_512, Boot Block size is 512 words
  1076                           ;	Boot Block enable bit
  1077                           ;	BBEN = OFF, Boot block disabled
  1078                           ;	Storage Area Flash enable bit
  1079                           ;	SAFEN = OFF, SAF disabled
  1080                           ;	Background Debugger
  1081                           ;	DEBUG = OFF, Background Debugger disabled
  1082   300006                     	org	3145734
  1083   300006  FF                 	db	255
  1084                           
  1085                           ;Config register CONFIG8 @ 0x300007
  1086                           ;	Boot Block Write Protection bit
  1087                           ;	WRTB = OFF, Boot Block not Write protected
  1088                           ;	Configuration Register Write Protection bit
  1089                           ;	WRTC = OFF, Configuration registers not Write protected
  1090                           ;	Data EEPROM Write Protection bit
  1091                           ;	WRTD = OFF, Data EEPROM not Write protected
  1092                           ;	SAF Write protection bit
  1093                           ;	WRTSAF = OFF, SAF not Write Protected
  1094                           ;	Application Block write protection bit
  1095                           ;	WRTAPP = OFF, Application Block not write protected
  1096   300007                     	org	3145735
  1097   300007  FF                 	db	255
  1098                           
  1099                           ; Padding undefined space
  1100   300008                     	org	3145736
  1101   300008  FF                 	db	255
  1102                           
  1103                           ;Config register CONFIG10 @ 0x300009
  1104                           ;	PFM and Data EEPROM Code Protection bit
  1105                           ;	CP = OFF, PFM and Data EEPROM code protection disabled
  1106   300009                     	org	3145737
  1107   300009  FF                 	db	255
  1108                           tosu	equ	0x4FF
  1109                           tosh	equ	0x4FE
  1110                           tosl	equ	0x4FD
  1111                           stkptr	equ	0x4FC
  1112                           pclatu	equ	0x4FB
  1113                           pclath	equ	0x4FA
  1114                           pcl	equ	0x4F9
  1115                           tblptru	equ	0x4F8
  1116                           tblptrh	equ	0x4F7
  1117                           tblptrl	equ	0x4F6
  1118                           tablat	equ	0x4F5
  1119                           prodh	equ	0x4F4
  1120                           prodl	equ	0x4F3
  1121                           indf0	equ	0x4EF
  1122                           postinc0	equ	0x4EE
  1123                           postdec0	equ	0x4ED
  1124                           preinc0	equ	0x4EC
  1125                           plusw0	equ	0x4EB
  1126                           fsr0h	equ	0x4EA
  1127                           fsr0l	equ	0x4E9
  1128                           wreg	equ	0x4E8
  1129                           indf1	equ	0x4E7
  1130                           postinc1	equ	0x4E6
  1131                           postdec1	equ	0x4E5
  1132                           preinc1	equ	0x4E4
  1133                           plusw1	equ	0x4E3
  1134                           fsr1h	equ	0x4E2
  1135                           fsr1l	equ	0x4E1
  1136                           bsr	equ	0x4E0
  1137                           indf2	equ	0x4DF
  1138                           postinc2	equ	0x4DE
  1139                           postdec2	equ	0x4DD
  1140                           preinc2	equ	0x4DC
  1141                           plusw2	equ	0x4DB
  1142                           fsr2h	equ	0x4DA
  1143                           fsr2l	equ	0x4D9
  1144                           status	equ	0x4D8

Data Sizes:
    Strings     0
    Constant    0
    Data        0
    BSS         0
    Persistent  9
    Stack       0

Auto Spaces:
    Space          Size  Autos    Used
    COMRAM           95      3      12
    BANK5           160      0       0
    BANK6           256      0       0
    BANK7           256      0       0
    BANK8           256      0       0
    BANK9           256      0       0
    BANK10          256      0       0
    BANK11          256      0       0
    BANK12          256      0       0
    BANK13          256      0       0
    BANK14          256      0       0
    BANK15          256      0       0
    BANK16          256      0       0
    BANK17          256      0       0
    BANK18          256      0       0
    BANK19          256      0       0
    BANK20          256      0       0
    BANK21          256      0       0
    BANK22          256      0       0
    BANK23          256      0       0
    BANK24          256      0       0
    BANK25          256      0       0
    BANK26          256      0       0
    BANK27          256      0       0
    BANK28          256      0       0
    BANK29          256      0       0
    BANK30          256      0       0
    BANK31          256      0       0
    BANK32          256      0       0
    BANK33          256      0       0
    BANK34          256      0       0
    BANK35          256      0       0
    BANK36          256      0       0

Pointer List with Targets:

    INT2_SetInterruptHandler@InterruptHandler	PTR FTN()void  size(3) Largest target is 1
		 -> INT2_DefaultInterruptHandler(), 

    INT2_InterruptHandler	PTR FTN()void  size(3) Largest target is 1
		 -> Absolute function(), INT2_DefaultInterruptHandler(), 

    INT1_SetInterruptHandler@InterruptHandler	PTR FTN()void  size(3) Largest target is 1
		 -> INT1_DefaultInterruptHandler(), 

    INT1_InterruptHandler	PTR FTN()void  size(3) Largest target is 1
		 -> Absolute function(), INT1_DefaultInterruptHandler(), 

    INT0_SetInterruptHandler@InterruptHandler	PTR FTN()void  size(3) Largest target is 1
		 -> INT0_DefaultInterruptHandler(), 

    INT0_InterruptHandler	PTR FTN()void  size(3) Largest target is 1
		 -> Absolute function(), INT0_DefaultInterruptHandler(), 


Critical Paths under _main in COMRAM

    _INTERRUPT_Initialize->_INT0_SetInterruptHandler
    _INTERRUPT_Initialize->_INT1_SetInterruptHandler
    _INTERRUPT_Initialize->_INT2_SetInterruptHandler

Critical Paths under _main in BANK5

    None.

Critical Paths under _main in BANK6

    None.

Critical Paths under _main in BANK7

    None.

Critical Paths under _main in BANK8

    None.

Critical Paths under _main in BANK9

    None.

Critical Paths under _main in BANK10

    None.

Critical Paths under _main in BANK11

    None.

Critical Paths under _main in BANK12

    None.

Critical Paths under _main in BANK13

    None.

Critical Paths under _main in BANK14

    None.

Critical Paths under _main in BANK15

    None.

Critical Paths under _main in BANK16

    None.

Critical Paths under _main in BANK17

    None.

Critical Paths under _main in BANK18

    None.

Critical Paths under _main in BANK19

    None.

Critical Paths under _main in BANK20

    None.

Critical Paths under _main in BANK21

    None.

Critical Paths under _main in BANK22

    None.

Critical Paths under _main in BANK23

    None.

Critical Paths under _main in BANK24

    None.

Critical Paths under _main in BANK25

    None.

Critical Paths under _main in BANK26

    None.

Critical Paths under _main in BANK27

    None.

Critical Paths under _main in BANK28

    None.

Critical Paths under _main in BANK29

    None.

Critical Paths under _main in BANK30

    None.

Critical Paths under _main in BANK31

    None.

Critical Paths under _main in BANK32

    None.

Critical Paths under _main in BANK33

    None.

Critical Paths under _main in BANK34

    None.

Critical Paths under _main in BANK35

    None.

Critical Paths under _main in BANK36

    None.

Call Graph Tables:

 ---------------------------------------------------------------------------------
 (Depth) Function   	        Calls       Base Space   Used Autos Params    Refs
 ---------------------------------------------------------------------------------
 (0) _main                                                 0     0      0     294
                  _SYSTEM_Initialize
 ---------------------------------------------------------------------------------
 (1) _SYSTEM_Initialize                                    0     0      0     294
                   _CLOCK_Initialize
               _INTERRUPT_Initialize
             _PIN_MANAGER_Initialize
 ---------------------------------------------------------------------------------
 (2) _PIN_MANAGER_Initialize                               0     0      0       0
 ---------------------------------------------------------------------------------
 (2) _INTERRUPT_Initialize                                 0     0      0     294
           _INT0_SetInterruptHandler
           _INT1_SetInterruptHandler
           _INT2_SetInterruptHandler
 ---------------------------------------------------------------------------------
 (3) _INT2_SetInterruptHandler                             3     0      3      98
                                              0 COMRAM     3     0      3
 ---------------------------------------------------------------------------------
 (3) _INT1_SetInterruptHandler                             3     0      3      98
                                              0 COMRAM     3     0      3
 ---------------------------------------------------------------------------------
 (3) _INT0_SetInterruptHandler                             3     0      3      98
                                              0 COMRAM     3     0      3
 ---------------------------------------------------------------------------------
 (2) _CLOCK_Initialize                                     0     0      0       0
 ---------------------------------------------------------------------------------
 Estimated maximum stack depth 3
 ---------------------------------------------------------------------------------

 Call Graph Graphs:

 _main (ROOT)
   _SYSTEM_Initialize
     _CLOCK_Initialize
     _INTERRUPT_Initialize
       _INT0_SetInterruptHandler
       _INT1_SetInterruptHandler
       _INT2_SetInterruptHandler
     _PIN_MANAGER_Initialize

 Address spaces:
Name               Size   Autos  Total    Cost      Usage
BITCOMRAM           5F      0       0       0        0.0%
EEDATA             400      0       0       0        0.0%
NULL                 0      0       0       0        0.0%
CODE                 0      0       0       0        0.0%
COMRAM              5F      3       C       1       12.6%
STACK                0      0       0       2        0.0%
DATA                 0      0       C       3        0.0%
BITBANK5            A0      0       0       4        0.0%
BANK5               A0      0       0       5        0.0%
BITBANK6           100      0       0       6        0.0%
BANK6              100      0       0       7        0.0%
BITBANK7           100      0       0       8        0.0%
BANK7              100      0       0       9        0.0%
BITBANK8           100      0       0      10        0.0%
BANK8              100      0       0      11        0.0%
BITBANK9           100      0       0      12        0.0%
BANK9              100      0       0      13        0.0%
BITBANK10          100      0       0      14        0.0%
BANK10             100      0       0      15        0.0%
BITBANK11          100      0       0      16        0.0%
BANK11             100      0       0      17        0.0%
BITBANK12          100      0       0      18        0.0%
BANK12             100      0       0      19        0.0%
BITBANK13          100      0       0      20        0.0%
BANK13             100      0       0      21        0.0%
BITBANK14          100      0       0      22        0.0%
BANK14             100      0       0      23        0.0%
BITBANK15          100      0       0      24        0.0%
BANK15             100      0       0      25        0.0%
BITBANK16          100      0       0      26        0.0%
BANK16             100      0       0      27        0.0%
BITBANK17          100      0       0      28        0.0%
BANK17             100      0       0      29        0.0%
BITBANK18          100      0       0      30        0.0%
BANK18             100      0       0      31        0.0%
BITBANK19          100      0       0      32        0.0%
BANK19             100      0       0      33        0.0%
BITBANK20          100      0       0      34        0.0%
BANK20             100      0       0      35        0.0%
BITBANK21          100      0       0      36        0.0%
BANK21             100      0       0      37        0.0%
BITBANK22          100      0       0      38        0.0%
BANK22             100      0       0      39        0.0%
BITBANK23          100      0       0      40        0.0%
BANK23             100      0       0      41        0.0%
BITBANK24          100      0       0      42        0.0%
BANK24             100      0       0      43        0.0%
BITBANK25          100      0       0      44        0.0%
BANK25             100      0       0      45        0.0%
BITBANK26          100      0       0      46        0.0%
BANK26             100      0       0      47        0.0%
BITBANK27          100      0       0      48        0.0%
BANK27             100      0       0      49        0.0%
BITBANK28          100      0       0      50        0.0%
BANK28             100      0       0      51        0.0%
BITBANK29          100      0       0      52        0.0%
BANK29             100      0       0      53        0.0%
BITBANK30          100      0       0      54        0.0%
BANK30             100      0       0      55        0.0%
BITBANK31          100      0       0      56        0.0%
BANK31             100      0       0      57        0.0%
BITBANK32          100      0       0      58        0.0%
BANK32             100      0       0      59        0.0%
BITBANK33          100      0       0      60        0.0%
BANK33             100      0       0      61        0.0%
BITBANK34          100      0       0      62        0.0%
BANK34             100      0       0      63        0.0%
BITBANK35          100      0       0      64        0.0%
BANK35             100      0       0      65        0.0%
BITBANK36          100      0       0      66        0.0%
BANK36             100      0       0      67        0.0%
BITBIGSFR_1        100      0       0      68        0.0%
BIGRAM            1FFF      0       0      69        0.0%
BITBIGSFRhh         29      0       0      70        0.0%
BITBIGSFRhl          6      0       0      71        0.0%
BITBIGSFRlhh         3      0       0      72        0.0%
BITBIGSFRlhl         2      0       0      73        0.0%
BITBIGSFRllhhhl      5      0       0      74        0.0%
BITBIGSFRllhhhl      3      0       0      75        0.0%
BITBIGSFRllhhhl      4      0       0      76        0.0%
BITBIGSFRllhhhl     82      0       0      77        0.0%
BITBIGSFRllhhhl      3      0       0      78        0.0%
BITBIGSFRllhhhl    176      0       0      79        0.0%
BITBIGSFRllhhhl    1D2      0       0      80        0.0%
BITBIGSFRllhhlh      1      0       0      81        0.0%
BITBIGSFRllhl        1      0       0      82        0.0%
BITBIGSFRlll        AC      0       0      83        0.0%
ABS                  0      0       C      84        0.0%
BIGSFR_1             0      0       0     200        0.0%
BIGSFR               0      0       0     200        0.0%
BITSFR_6             0      0       0     200        0.0%
SFR_6                0      0       0     200        0.0%
BITSFR_5             0      0       0     200        0.0%
SFR_5                0      0       0     200        0.0%
BITSFR_4             0      0       0     200        0.0%
SFR_4                0      0       0     200        0.0%
BITSFR_3             0      0       0     200        0.0%
SFR_3                0      0       0     200        0.0%
BITSFR_2             0      0       0     200        0.0%
SFR_2                0      0       0     200        0.0%
BITSFR_1             0      0       0     200        0.0%
SFR_1                0      0       0     200        0.0%
BITSFR               0      0       0     200        0.0%
SFR                  0      0       0     200        0.0%


Microchip Technology PIC18 Macro Assembler V2.40 build 20220703182018 
Symbol Table                                                                                   Sat Feb 04 17:56:05 2023

                                      l13 FEDE                                        l16 FEE4  
                                      l35 FECA                                        l44 FEAE  
                                      u80 FEDE                                        u81 FEDA  
                                     l201 FF2C                                       l211 FE84  
                                     l224 FE92                                       l163 FFFA  
                                     l237 FEA0                                       l922 FEB0  
                                     l930 FF4A                                       l940 FFAE  
                                     l932 FF4C                                       l924 FF2E  
                                     l950 FFBC                                       l942 FFB0  
                                     l934 FF56                                       l926 FF46  
                                     l952 FFBE                                       l944 FFB2  
                                     l936 FF5E                                       l928 FF48  
                                     l954 FFC0                                       l946 FFB4  
                                     l938 FF60                                       l956 FFC2  
                                     l948 FFBA                                       l958 FFC8  
              ??_INT0_SetInterruptHandler 050D                                      l1010 FEEE  
                                    l1004 FE78                                      l1020 FF1A  
                                    l1012 FEF4                                      l1006 FE86  
                                    l1014 FF04                                      l1022 FEA2  
                                    l1008 FE94                                      l1016 FF06  
                                    l1024 FEAA                                      l1018 FF18  
                                    l1026 FECC                                      l1028 FED0  
                                    _LATA 0004BE                                      _LATB 0004BF  
                                    _LATC 0004C0                                      _LATD 0004C1  
                                    _LATE 0004C2                                      _LATF 0004C3  
                                    _WPUA 000401                                      _WPUB 000409  
                                    _WPUC 000411                                      _WPUD 000419  
                                    _WPUE 000421                                      _WPUF 000429  
                                    _main FECC                 ?_INT2_SetInterruptHandler 050A  
                                    start FFFC                              ___param_bank 000000  
                                   ?_main 050A                                     _IOCAF 000407  
                                   _IOCBF 00040F                                     _IOCCF 000417  
                                   _IOCAN 000406                                     _IOCEF 000427  
                                   _IOCAP 000405                                     _IOCBN 00040E  
                                   _IOCBP 00040D                                     _IOCCN 000416  
                                   _IOCCP 000415                                     _IOCEN 000426  
                                   _IOCEP 000425                                     _OSCEN 0000B3  
                                   _TRISA 0004C6                                     _TRISB 0004C7  
                                   _TRISC 0004C8                                     _TRISD 0004C9  
                                   _TRISE 0004CA                                     _TRISF 0004CB  
                _INT1_SetInterruptHandler FE86                           __initialization FE72  
                            __end_of_main FEEE                                    ??_main 050D  
                           __activetblptr 000003                                    _ACTCON 0000AC  
                                  _ANSELA 000400                                    _ANSELB 000408  
                                  _ANSELC 000410                                    _ANSELD 000418  
                                  _ANSELE 000420                                    _ANSELF 000428  
                                  _RB1I2C 000289                                    _RB2I2C 000288  
                                  _RC3I2C 000287                                    _RC4I2C 000286  
                                  _ODCONA 000402                                    _ODCONB 00040A  
                                  _ODCONC 000412                                    _ODCOND 00041A  
                                  _ODCONE 000422                                    _ODCONF 00042A  
                                  _INLVLA 000404                                    _INLVLB 00040C  
                                  _INLVLC 000414                                    _INLVLD 00041C  
                                  _INLVLE 000424                                    _INLVLF 00042C  
                                  _OSCFRQ 0000B1                                    isa$std 000001  
                       ?_CLOCK_Initialize 050A              _INT2_DefaultInterruptHandler 000000  
                      ??_CLOCK_Initialize 050A  INT2_SetInterruptHandler@InterruptHandler 050A  
INT1_SetInterruptHandler@InterruptHandler 050A  INT0_SetInterruptHandler@InterruptHandler 050A  
                       _SYSTEM_Initialize FEA2                                __accesstop 0560  
                 __end_of__initialization FE72                        ?_SYSTEM_Initialize 050A  
                           ___rparam_used 000001                            __pcstackCOMRAM 050A  
                     ??_SYSTEM_Initialize 050D          __end_of_INT2_SetInterruptHandler FEA2  
               __end_of_SYSTEM_Initialize FEB0                     _INT0_InterruptHandler 0507  
                              __pnvCOMRAM 0501                ??_INT1_SetInterruptHandler 050D  
                                 _OSCCON1 0000AD                                   _OSCCON3 0000AF  
                                 _OSCTUNE 0000B0                                   _SLRCONA 000403  
                                 _SLRCONB 00040B                                   _SLRCONC 000413  
                                 _SLRCOND 00041B                                   _SLRCONE 000423  
                                 _SLRCONF 00042B                 ?_INT0_SetInterruptHandler 050A  
                                 __Hparam 0000                                   __Lparam 0000  
                                 __pcinit FE72                                   __ramtop 2600  
                                 __ptext0 FECC                                   __ptext1 FEA2  
                                 __ptext2 FF2E                                   __ptext3 FEEE  
                                 __ptext4 FE94                                   __ptext5 FE86  
                                 __ptext6 FE78                                   __ptext7 FEB0  
                ??_PIN_MANAGER_Initialize 050A                      end_of_initialization FE72  
                _INT2_SetInterruptHandler FE94                                 _PIR10bits 0004B8  
                   _INT1_InterruptHandler 0504                                 _PORTBbits 0004CF  
            __end_of_INTERRUPT_Initialize FF2E              _INT0_DefaultInterruptHandler 000000  
                     start_initialization FE72          __end_of_INT0_SetInterruptHandler FE86  
                   _INT2_InterruptHandler 0501                    _PIN_MANAGER_Initialize FF2E  
              ??_INT2_SetInterruptHandler 050D                      _INTERRUPT_Initialize FEEE  
                        _CLOCK_Initialize FEB0                                  _LATFbits 0004C3  
               ?_INT1_SetInterruptHandler 050A                                  _PIR1bits 0004AF  
                                _PIR6bits 0004B4                               _INTCON0bits 0004D6  
                   ?_INTERRUPT_Initialize 050A                  _INT0_SetInterruptHandler FE78  
                                __Hrparam 0000                                  __Lrparam 0000  
                                isa$xinst 000000              _INT1_DefaultInterruptHandler 000000  
                  ??_INTERRUPT_Initialize 050D                   ?_PIN_MANAGER_Initialize 050A  
                __end_of_CLOCK_Initialize FECC          __end_of_INT1_SetInterruptHandler FE94  
          __end_of_PIN_MANAGER_Initialize FFFC  
